\BOOKMARK [1][-]{section.1}{\376\377\000E\000i\000n\000f\000\374\000h\000r\000u\000n\000g}{}% 1
\BOOKMARK [2][-]{subsection.1.1}{\376\377\000B\000e\000s\000c\000h\000r\000e\000i\000b\000u\000n\000g}{section.1}% 2
\BOOKMARK [2][-]{subsection.1.2}{\376\377\000Z\000i\000e\000l\000e}{section.1}% 3
\BOOKMARK [3][-]{section*.3}{\376\377\000A\000l\000l\000g\000e\000m\000e\000i\000n}{subsection.1.2}% 4
\BOOKMARK [3][-]{section*.4}{\376\377\000M\000a\000r\000k\000t\000a\000n\000f\000o\000r\000d\000e\000r\000u\000n\000g\000e\000n}{subsection.1.2}% 5
\BOOKMARK [3][-]{section*.5}{\376\377\000A\000l\000l\000e\000i\000n\000s\000t\000e\000l\000l\000u\000n\000g\000s\000m\000e\000r\000k\000m\000a\000l\000e}{subsection.1.2}% 6
\BOOKMARK [3][-]{section*.6}{\376\377\000Z\000i\000e\000l\000g\000r\000u\000p\000p\000e\000n}{subsection.1.2}% 7
\BOOKMARK [3][-]{section*.7}{\376\377\000A\000b\000g\000r\000e\000n\000z\000u\000n\000g}{subsection.1.2}% 8
\BOOKMARK [1][-]{section.2}{\376\377\000A\000n\000f\000o\000r\000d\000e\000r\000u\000n\000g\000e\000n}{}% 9
\BOOKMARK [2][-]{subsection.2.1}{\376\377\000F\000u\000n\000k\000t\000i\000o\000n\000a\000l\000e\000\040\000A\000n\000f\000o\000r\000d\000e\000r\000u\000n\000g\000e\000n}{section.2}% 10
\BOOKMARK [3][-]{section*.8}{\376\377\000A\000u\000s\000g\000e\000s\000c\000h\000r\000i\000e\000b\000e\000n\000e\000\040\000A\000n\000f\000o\000r\000d\000e\000r\000u\000n\000g\000e\000n}{subsection.2.1}% 11
\BOOKMARK [3][-]{section*.9}{\376\377\000U\000C\0000\0001\000\040\000A\000n\000-\000\040\000u\000n\000d\000\040\000A\000b\000m\000e\000l\000d\000u\000n\000g}{subsection.2.1}% 12
\BOOKMARK [3][-]{section*.11}{\376\377\000U\000C\0000\0002\000\040\000R\000e\000g\000i\000s\000t\000r\000i\000e\000r\000u\000n\000g}{subsection.2.1}% 13
\BOOKMARK [3][-]{section*.13}{\376\377\000U\000C\0000\0003\000\040\000P\000a\000s\000s\000w\000o\000r\000t\000\344\000n\000d\000e\000r\000u\000n\000g}{subsection.2.1}% 14
\BOOKMARK [3][-]{section*.15}{\376\377\000U\000C\0000\0004\000\040\000W\000i\000d\000g\000e\000t\000s\000\040\000b\000e\000a\000r\000b\000e\000i\000t\000e\000n}{subsection.2.1}% 15
\BOOKMARK [3][-]{section*.17}{\376\377\000U\000C\0000\0005\000\040\000W\000i\000d\000g\000e\000t\000s\000\040\000h\000o\000c\000h\000l\000a\000d\000e\000n}{subsection.2.1}% 16
\BOOKMARK [2][-]{subsection.2.2}{\376\377\000N\000i\000c\000h\000t\000-\000f\000u\000n\000k\000t\000i\000o\000n\000a\000l\000e\000\040\000A\000n\000f\000o\000r\000d\000e\000r\000u\000n\000g\000e\000n}{section.2}% 17
\BOOKMARK [3][-]{section*.19}{\376\377\000R\000a\000h\000m\000e\000n\000b\000e\000d\000i\000n\000g\000u\000n\000g\000e\000n}{subsection.2.2}% 18
\BOOKMARK [3][-]{section*.20}{\376\377\000B\000e\000t\000r\000i\000e\000b\000s\000b\000e\000d\000i\000n\000g\000u\000n\000g\000e\000n}{subsection.2.2}% 19
\BOOKMARK [3][-]{section*.21}{\376\377\000Q\000u\000a\000l\000i\000t\000\344\000t\000s\000m\000e\000r\000k\000m\000a\000l\000e}{subsection.2.2}% 20
\BOOKMARK [2][-]{subsection.2.3}{\376\377\000G\000r\000a\000p\000h\000i\000s\000c\000h\000e\000\040\000B\000e\000n\000u\000t\000z\000e\000r\000s\000c\000h\000n\000i\000t\000t\000s\000t\000e\000l\000l\000e}{section.2}% 21
\BOOKMARK [3][-]{section*.22}{\376\377\000A\000n\000m\000e\000l\000d\000u\000n\000g}{subsection.2.3}% 22
\BOOKMARK [3][-]{section*.24}{\376\377\000R\000e\000g\000i\000s\000t\000r\000i\000e\000r\000u\000n\000g}{subsection.2.3}% 23
\BOOKMARK [3][-]{section*.26}{\376\377\000S\000t\000a\000r\000t\000s\000e\000i\000t\000e}{subsection.2.3}% 24
\BOOKMARK [3][-]{section*.28}{\376\377\000E\000i\000n\000s\000t\000e\000l\000l\000u\000n\000g\000e\000n}{subsection.2.3}% 25
\BOOKMARK [3][-]{section*.30}{\376\377\000F\000i\000l\000e\000u\000p\000l\000o\000a\000d}{subsection.2.3}% 26
\BOOKMARK [3][-]{section*.32}{\376\377\000Z\000u\000s\000t\000a\000n\000d\000s\000d\000i\000a\000g\000r\000a\000m\000m}{subsection.2.3}% 27
\BOOKMARK [2][-]{subsection.2.4}{\376\377\000A\000n\000f\000o\000r\000d\000e\000r\000u\000n\000g\000e\000n\000\040\000i\000m\000\040\000D\000e\000t\000a\000i\000l}{section.2}% 28
\BOOKMARK [1][-]{section.3}{\376\377\000T\000e\000c\000h\000n\000i\000s\000c\000h\000e\000\040\000B\000e\000s\000c\000h\000r\000e\000i\000b\000u\000n\000g}{}% 29
\BOOKMARK [2][-]{subsection.3.1}{\376\377\000S\000y\000s\000t\000e\000m\000\374\000b\000e\000r\000s\000i\000c\000h\000t}{section.3}% 30
\BOOKMARK [2][-]{subsection.3.2}{\376\377\000D\000a\000t\000e\000n\000m\000o\000d\000e\000l\000l}{section.3}% 31
\BOOKMARK [2][-]{subsection.3.3}{\376\377\000A\000b\000l\000\344\000u\000f\000e}{section.3}% 32
\BOOKMARK [3][-]{section*.36}{\376\377\000A\000n\000-\000u\000n\000d\000\040\000A\000b\000m\000e\000l\000d\000u\000n\000g}{subsection.3.3}% 33
\BOOKMARK [3][-]{section*.38}{\376\377\000R\000e\000g\000i\000s\000t\000r\000i\000e\000r\000e\000n}{subsection.3.3}% 34
\BOOKMARK [3][-]{section*.40}{\376\377\000W\000i\000d\000g\000e\000t\000s\000\040\000b\000e\000a\000r\000b\000e\000i\000t\000e\000n}{subsection.3.3}% 35
\BOOKMARK [3][-]{section*.42}{\376\377\000K\000o\000m\000p\000l\000e\000t\000t\000e\000r\000\040\000A\000b\000l\000a\000u\000f}{subsection.3.3}% 36
\BOOKMARK [1][-]{section.4}{\376\377\000P\000r\000o\000j\000e\000k\000t\000o\000r\000g\000a\000n\000i\000s\000a\000t\000i\000o\000n}{}% 37
\BOOKMARK [2][-]{subsection.4.1}{\376\377\000A\000n\000n\000a\000h\000m\000e\000n}{section.4}% 38
\BOOKMARK [2][-]{subsection.4.2}{\376\377\000V\000e\000r\000a\000n\000t\000w\000o\000r\000t\000l\000i\000c\000h\000k\000e\000i\000t\000e\000n}{section.4}% 39
\BOOKMARK [2][-]{subsection.4.3}{\376\377\000G\000r\000o\000b\000e\000r\000\040\000P\000r\000o\000j\000e\000k\000t\000p\000l\000a\000n}{section.4}% 40
\BOOKMARK [1][-]{section.5}{\376\377\000A\000n\000h\000\344\000n\000g\000e}{}% 41
\BOOKMARK [2][-]{subsection.5.1}{\376\377\000G\000l\000o\000s\000s\000a\000r}{section.5}% 42
\BOOKMARK [2][-]{subsection.5.2}{\376\377\000I\000n\000d\000e\000x}{section.5}% 43
